== START PROVE_BASELINE_RATCHET ==
TS=20251230-100134
PWD=/Users/kwong/Desktop/AI 온디바이스 플랫폼 앱/웹코어자료/tristan050-ai_ondevice_APP/webcore_appcore_starter_4_17
MODE=re-anchoring (input hash change)
== ALWAYS ON ==
OK: meta-only verifier scanned 10 file(s)
OK: S7 Always On invariants are present and verified
== CORPUS GATE ==
OK: corpus no PII/secret patterns detected
== PHASE1 EVAL ==
OK: meta-only verifier scanned 10 file(s)
OK: S7 Always On invariants are present and verified
OK: corpus no PII/secret patterns detected
OK: phase1 report written: docs/ops/r10-s7-retriever-quality-phase1-report.json
OK: report contains no query key by design
OK: eval_retriever_quality_phase1 exit 0
== META-ONLY VERIFY ==
OK: meta-only verifier scanned 10 file(s)
== UPDATE BASELINE ==
OK: meta-only verifier scanned 10 file(s)
OK: S7 Always On invariants are present and verified
OK: corpus no PII/secret patterns detected
OK: meta-only verifier scanned 10 file(s)
OK: S7 Always On invariants are present and verified
OK: corpus no PII/secret patterns detected
OK: phase1 report written: docs/ops/r10-s7-retriever-quality-phase1-report.json
OK: report contains no query key by design
OK: eval_retriever_quality_phase1 exit 0
OK: re-anchoring mode enabled (main branch only)
OK: re-anchoring mode - baseline will be re-anchored to current input hash and metrics
OK: baseline re-anchored (input hash changed): docs/ops/r10-s7-retriever-metrics-baseline.json
OK: update_retriever_baseline completed
== META_ONLY_DEBUG (scan list proof) ==
META_ONLY_DEBUG=1
META_ONLY_DEBUG: exclude docs/ops/r10-s7-retriever-corpus.jsonl
META_ONLY_DEBUG: exclude docs/ops/r10-s7-retriever-goldenset.jsonl
META_ONLY_DEBUG: exclude docs/ops/r10-s7-retriever-goldenset.schema.json
META_ONLY_DEBUG: scan docs/ops/r10-s7-retriever-metrics-baseline.json
META_ONLY_DEBUG: scan docs/ops/r10-s7-retriever-quality-phase0-report.json
META_ONLY_DEBUG: scan docs/ops/r10-s7-retriever-quality-phase1-report.json
META_ONLY_DEBUG: scan docs/ops/r10-s7-retriever-quality-proof-20251228-191113.log
META_ONLY_DEBUG: scan docs/ops/r10-s7-retriever-quality-proof.latest
META_ONLY_DEBUG: scan docs/ops/r10-s7-retriever-regression-proof-20251228-193243.log
META_ONLY_DEBUG: scan docs/ops/r10-s7-retriever-regression-proof-20251229-081357.log
META_ONLY_DEBUG: scan docs/ops/r10-s7-retriever-regression-proof-20251229-092822.log
META_ONLY_DEBUG: scan docs/ops/r10-s7-retriever-regression-proof-20251229-093900.log
META_ONLY_DEBUG: scan docs/ops/r10-s7-retriever-regression-proof.latest
OK: meta-only verifier scanned 10 file(s)
== END PROVE_BASELINE_RATCHET ==
