== START PROVE_RETRIEVER_REGRESSION ==
TS=20251228-193243
PWD=/Users/kwong/Desktop/AI 온디바이스 플랫폼 앱/웹코어자료/tristan050-ai_ondevice_APP/webcore_appcore_starter_4_17
== VERIFY REGRESSION GATE ==
OK: meta-only verifier passed (5 file(s) scanned)
OK: S7 Always On invariants are present and verified
OK: meta-only verifier passed (5 file(s) scanned)
OK: S7 Always On invariants are present and verified
OK: phase1 report written: docs/ops/r10-s7-retriever-quality-phase1-report.json
OK: eval_retriever_quality_phase1 exit 0
OK: meta-only verifier passed (5 file(s) scanned)
OK: S7 Always On invariants are present and verified
OK: no regression vs baseline
OK: verify_retriever_regression_gate exit 0
== BASELINE (top 80) ==
{
  "ok": true,
  "phase": "S7/Phase1Baseline",
  "meta_only": true,
  "algo": "lexical_overlap/v1",
  "topk": 5,
  "inputs": {
    "goldenset_sha256": "5bc61a66bdeaaff3a4b94bbc03b057294004dbc4f88a21f4783b4bef94224d49",
    "corpus_sha256": "ea5d021c41ddf306a56b8870a940dbc86681bee8bc0ab2909514fa68cfc911d7"
  },
  "metrics": {
    "precision_at_k": 0.3,
    "recall_at_k": 0.683333,
    "mrr_at_k": 0.75,
    "ndcg_at_k": 0.688113
  },
  "created_at": "2025-12-28T10:32:42Z"
}
== REPORT (top 80) ==
{
  "ok": true,
  "phase": "S7/Phase1",
  "meta_only": true,
  "algo": "lexical_overlap/v1",
  "topk": 5,
  "inputs": {
    "goldenset_path": "docs/ops/r10-s7-retriever-goldenset.jsonl",
    "goldenset_sha256": "5bc61a66bdeaaff3a4b94bbc03b057294004dbc4f88a21f4783b4bef94224d49",
    "corpus_path": "docs/ops/r10-s7-retriever-corpus.jsonl",
    "corpus_sha256": "ea5d021c41ddf306a56b8870a940dbc86681bee8bc0ab2909514fa68cfc911d7"
  },
  "metrics": {
    "precision_at_k": 0.3,
    "recall_at_k": 0.683333,
    "mrr_at_k": 0.75,
    "ndcg_at_k": 0.688113
  },
  "created_at": "2025-12-28T10:32:44Z"
}
== END PROVE_RETRIEVER_REGRESSION ==
